Base path: /Applications/Unity/Unity.app/Contents
Pipe name: \\.\pipe\UnityShaderCompiler-1--1395447256
Cmd: getPlatforms
Cmd: preprocess
  insize=9570 outsize=2432 ok=1
Cmd: compileSnippet
  api=0 type=0 insize=6754 outsize=328 kw= ok=1
Cmd: compileSnippet
  api=0 type=1 insize=6754 outsize=649 kw= ok=1
Cmd: compileSnippet
  api=0 type=0 insize=6750 outsize=328 kw= ok=1
Cmd: compileSnippet
  api=0 type=1 insize=6750 outsize=908 kw= ok=1
Cmd: compileSnippet
  api=0 type=0 insize=6750 outsize=328 kw= ok=1
Cmd: compileSnippet
  api=0 type=1 insize=6750 outsize=749 kw= ok=1
Cmd: compileSnippet
  api=0 type=0 insize=6750 outsize=328 kw= ok=1
Cmd: compileSnippet
  api=0 type=1 insize=6750 outsize=749 kw= ok=1
Cmd: compileSnippet
  api=0 type=0 insize=6753 outsize=328 kw= ok=1
Cmd: compileSnippet
  api=0 type=1 insize=6753 outsize=887 kw= ok=1
Cmd: compileSnippet
  api=0 type=0 insize=6753 outsize=328 kw= ok=1
Cmd: compileSnippet
  api=0 type=1 insize=6753 outsize=618 kw= ok=1
Cmd: compileSnippet
  api=0 type=0 insize=6762 outsize=328 kw= ok=1
Cmd: compileSnippet
  api=0 type=1 insize=6762 outsize=420 kw= ok=1
Cmd: compileSnippet
  api=0 type=0 insize=6767 outsize=328 kw= ok=1
Cmd: compileSnippet
  api=0 type=1 insize=6767 outsize=524 kw= ok=1
Cmd: compileSnippet
  api=0 type=0 insize=6760 outsize=328 kw= ok=1
Cmd: compileSnippet
  api=0 type=1 insize=6760 outsize=292 kw= ok=1
Cmd: compileSnippet
  api=0 type=0 insize=6758 outsize=328 kw= ok=1
Cmd: compileSnippet
  api=0 type=1 insize=6758 outsize=689 kw= ok=1
Cmd: compileSnippet
  api=0 type=0 insize=6765 outsize=328 kw= ok=1
Cmd: compileSnippet
  api=0 type=1 insize=6765 outsize=660 kw= ok=1
Cmd: preprocess
  insize=11629 outsize=759 ok=1
Cmd: compileSnippet
  api=0 type=0 insize=10885 outsize=856 kw= ok=1
Cmd: compileSnippet
  api=0 type=1 insize=10885 outsize=6 kw= ok=1
Cmd: compileSnippet
  api=0 type=0 insize=10909 outsize=5904 kw= ok=1
Cmd: compileSnippet
  api=0 type=1 insize=10909 outsize=6 kw= ok=1
Cmd: compileSnippet
  api=0 type=0 insize=10908 outsize=5890 kw= ok=1
Cmd: compileSnippet
  api=0 type=1 insize=10908 outsize=6 kw= ok=1
Cmd: preprocess
  insize=1286 outsize=484 ok=1
Cmd: compileSnippet
  api=0 type=0 insize=1040 outsize=328 kw= ok=1
Cmd: compileSnippet
  api=0 type=1 insize=1040 outsize=259 kw= ok=1
Cmd: compileSnippet
  api=0 type=0 insize=1039 outsize=328 kw= ok=1
Cmd: compileSnippet
  api=0 type=1 insize=1039 outsize=257 kw= ok=1
Cmd: preprocess
  insize=10070 outsize=963 ok=1
Cmd: compileSnippet
  api=0 type=0 insize=9301 outsize=623 kw= ok=1
Cmd: compileSnippet
  api=0 type=1 insize=9301 outsize=1059 kw= ok=1
Cmd: compileSnippet
  api=0 type=0 insize=9306 outsize=646 kw= ok=1
Cmd: compileSnippet
  api=0 type=1 insize=9306 outsize=1183 kw= ok=1
Cmd: compileSnippet
  api=0 type=0 insize=9327 outsize=379 kw= ok=1
Cmd: compileSnippet
  api=0 type=1 insize=9327 outsize=1721 kw= ok=1
Cmd: compileSnippet
  api=0 type=0 insize=9322 outsize=379 kw= ok=1
Cmd: compileSnippet
  api=0 type=1 insize=9322 outsize=1785 kw= ok=1
Cmd: compileSnippet
  api=0 type=0 insize=9327 outsize=615 kw= ok=1
Cmd: compileSnippet
  api=0 type=1 insize=9327 outsize=426 kw= ok=1
Cmd: preprocess
  insize=1759 outsize=370 ok=1
Cmd: compileSnippet
  api=0 type=0 insize=1691 outsize=584 kw= ok=1
Cmd: compileSnippet
  api=0 type=1 insize=1691 outsize=817 kw= ok=1
Cmd: preprocess
  insize=974 outsize=375 ok=1
Cmd: compileSnippet
  api=0 type=0 insize=904 outsize=328 kw= ok=1
Cmd: compileSnippet
  api=0 type=1 insize=904 outsize=456 kw= ok=1
Cmd: preprocess
  insize=1064 outsize=335 ok=1
Cmd: compileSnippet
  api=0 type=0 insize=1033 outsize=328 kw= ok=1
Cmd: compileSnippet
  api=0 type=1 insize=1033 outsize=315 kw= ok=1
Cmd: preprocess
  insize=2058 outsize=509 ok=1
Cmd: compileSnippet
  api=0 type=0 insize=1850 outsize=428 kw= ok=1
Cmd: compileSnippet
  api=0 type=1 insize=1850 outsize=732 kw= ok=1
Cmd: preprocess
  insize=1359 outsize=432 ok=1
Cmd: compileSnippet
  api=0 type=0 insize=1232 outsize=375 kw= ok=1
Cmd: compileSnippet
  api=0 type=1 insize=1232 outsize=495 kw= ok=1
Cmd: preprocess
  insize=3777 outsize=746 ok=1
Cmd: compileSnippet
  api=0 type=0 insize=3256 outsize=328 kw= ok=1
Cmd: compileSnippet
  api=0 type=1 insize=3256 outsize=562 kw= ok=1
Cmd: compileSnippet
  api=0 type=0 insize=3255 outsize=328 kw= ok=1
Cmd: compileSnippet
  api=0 type=1 insize=3255 outsize=439 kw= ok=1
Cmd: compileSnippet
  api=0 type=0 insize=3301 outsize=328 kw= ok=1
Cmd: compileSnippet
  api=0 type=1 insize=3301 outsize=1916 kw= ok=1
Cmd: preprocess
  insize=1296 outsize=429 ok=1
Cmd: compileSnippet
  api=0 type=0 insize=1172 outsize=328 kw= ok=1
Cmd: compileSnippet
  api=0 type=1 insize=1172 outsize=679 kw= ok=1
Cmd: preprocess
  insize=6831 outsize=843 ok=1
Cmd: compileSnippet
  api=0 type=0 insize=1864 outsize=425 kw= ok=1
Cmd: compileSnippet
  api=0 type=1 insize=1864 outsize=4830 kw= ok=1
Cmd: compileSnippet
  api=0 type=0 insize=2134 outsize=425 kw= ok=1
Cmd: compileSnippet
  api=0 type=1 insize=2134 outsize=7921 kw= ok=1
Cmd: compileSnippet
  api=0 type=0 insize=2652 outsize=425 kw= ok=1
Cmd: compileSnippet
  api=0 type=1 insize=2652 outsize=14055 kw= ok=1
Cmd: compileSnippet
  api=0 type=0 insize=2953 outsize=369 kw= ok=1
Cmd: compileSnippet
  api=0 type=1 insize=2953 outsize=3794 kw= ok=1
Cmd: compileSnippet
  api=0 type=0 insize=1856 outsize=530 kw= ok=1
Cmd: compileSnippet
  api=0 type=1 insize=1856 outsize=304 kw= ok=1
Cmd: preprocess
  insize=1235 outsize=333 ok=1
Cmd: compileSnippet
  api=0 type=0 insize=1207 outsize=604 kw= ok=1
Cmd: compileSnippet
  api=0 type=1 insize=1207 outsize=466 kw= ok=1
Cmd: preprocess
  insize=2754 outsize=812 ok=1
Cmd: compileSnippet
  api=0 type=0 insize=2034 outsize=375 kw= ok=1
Cmd: compileSnippet
  api=0 type=1 insize=2034 outsize=332 kw= ok=1
Cmd: compileSnippet
  api=0 type=0 insize=2032 outsize=375 kw= ok=1
Cmd: compileSnippet
  api=0 type=1 insize=2032 outsize=256 kw= ok=1
Cmd: compileSnippet
  api=0 type=0 insize=2045 outsize=561 kw= ok=1
Cmd: compileSnippet
  api=0 type=1 insize=2045 outsize=402 kw= ok=1
Cmd: compileSnippet
  api=0 type=0 insize=2043 outsize=375 kw= ok=1
Cmd: compileSnippet
  api=0 type=1 insize=2043 outsize=213 kw= ok=1
Cmd: preprocess
  insize=1027 outsize=323 ok=1
Cmd: compileSnippet
  api=0 type=0 insize=1009 outsize=328 kw= ok=1
Cmd: compileSnippet
  api=0 type=1 insize=1009 outsize=366 kw= ok=1
Cmd: preprocess
  insize=1443 outsize=406 ok=1
Cmd: compileSnippet
  api=0 type=0 insize=1339 outsize=558 kw= ok=1
Cmd: compileSnippet
  api=0 type=1 insize=1339 outsize=472 kw= ok=1
Cmd: preprocess
  insize=1502 outsize=370 ok=1
Cmd: compileSnippet
  api=0 type=0 insize=1438 outsize=971 kw= ok=1
Cmd: compileSnippet
  api=0 type=1 insize=1438 outsize=6 kw= ok=1
Cmd: preprocess
  insize=1761 outsize=749 ok=1
Cmd: compileSnippet
  api=0 type=0 insize=1318 outsize=630 kw= ok=1
Cmd: compileSnippet
  api=0 type=1 insize=1318 outsize=402 kw= ok=1
Cmd: preprocess
  insize=1465 outsize=363 ok=1
Cmd: compileSnippet
  api=0 type=0 insize=1404 outsize=584 kw= ok=1
Cmd: compileSnippet
  api=0 type=1 insize=1404 outsize=453 kw= ok=1
Cmd: preprocess
  insize=1338 outsize=347 ok=1
Cmd: compileSnippet
  api=0 type=0 insize=1296 outsize=375 kw= ok=1
Cmd: compileSnippet
  api=0 type=1 insize=1296 outsize=515 kw= ok=1
Cmd: preprocess
  insize=2401 outsize=673 ok=1
Cmd: compileSnippet
  api=0 type=0 insize=2034 outsize=412 kw= ok=1
Cmd: compileSnippet
  api=0 type=1 insize=2034 outsize=1137 kw= ok=1
Cmd: preprocess
  insize=1019 outsize=289 ok=1
Cmd: compileSnippet
  api=0 type=0 insize=1030 outsize=355 kw= ok=1
Cmd: compileSnippet
  api=0 type=1 insize=1030 outsize=541 kw= ok=1
Cmd: preprocess
  insize=829 outsize=338 ok=1
Cmd: compileSnippet
  api=0 type=0 insize=793 outsize=428 kw= ok=1
Cmd: compileSnippet
  api=0 type=1 insize=793 outsize=408 kw= ok=1
Cmd: preprocess
  insize=6754 outsize=1060 ok=1
Cmd: compileSnippet
  api=0 type=0 insize=5641 outsize=328 kw= ok=1
Cmd: compileSnippet
  api=0 type=1 insize=5641 outsize=213 kw= ok=1
Cmd: compileSnippet
  api=0 type=0 insize=5650 outsize=555 kw= ok=1
Cmd: compileSnippet
  api=0 type=1 insize=5650 outsize=491 kw= ok=1
Cmd: compileSnippet
  api=0 type=0 insize=5654 outsize=468 kw= ok=1
Cmd: compileSnippet
  api=0 type=1 insize=5654 outsize=942 kw= ok=1
Cmd: compileSnippet
  api=0 type=0 insize=5655 outsize=463 kw= ok=1
Cmd: compileSnippet
  api=0 type=1 insize=5655 outsize=942 kw= ok=1
Cmd: compileSnippet
  api=0 type=0 insize=5659 outsize=708 kw= ok=1
Cmd: compileSnippet
  api=0 type=1 insize=5659 outsize=726 kw= ok=1
Cmd: compileSnippet
  api=0 type=0 insize=5661 outsize=708 kw= ok=1
Cmd: compileSnippet
  api=0 type=1 insize=5661 outsize=726 kw= ok=1
Cmd: preprocess
  insize=33465 outsize=288 ok=1
Cmd: compileSnippet
  api=0 type=0 insize=33479 outsize=8890 kw= ok=1
Cmd: compileSnippet
  api=0 type=1 insize=33479 outsize=6 kw= ok=1
Cmd: preprocess
  insize=1282 outsize=279 ok=1
Cmd: compileSnippet
  api=0 type=0 insize=1305 outsize=430 kw= ok=1
Cmd: compileSnippet
  api=0 type=1 insize=1305 outsize=631 kw= ok=1
Cmd: preprocess
  insize=3754 outsize=743 ok=1
Cmd: compileSnippet
  api=0 type=0 insize=3022 outsize=521 kw= ok=1
Cmd: compileSnippet
  api=0 type=1 insize=3022 outsize=725 kw= ok=1
Cmd: compileSnippet
  api=0 type=0 insize=3013 outsize=521 kw= ok=1
Cmd: compileSnippet
  api=0 type=1 insize=3013 outsize=505 kw= ok=1
Cmd: compileSnippet
  api=0 type=0 insize=3012 outsize=521 kw= ok=1
Cmd: compileSnippet
  api=0 type=1 insize=3012 outsize=544 kw= ok=1
Cmd: compileSnippet
  api=0 type=0 insize=3024 outsize=521 kw= ok=1
Cmd: compileSnippet
  api=0 type=1 insize=3024 outsize=705 kw= ok=1
Cmd: preprocess
  insize=1059 outsize=268 ok=1
Cmd: compileSnippet
  api=0 type=0 insize=1093 outsize=925 kw= ok=1
Cmd: compileSnippet
  api=0 type=1 insize=1093 outsize=6 kw= ok=1
Cmd: preprocess
  insize=5588 outsize=1882 ok=1
Cmd: compileSnippet
  api=0 type=0 insize=3315 outsize=375 kw= ok=1
Cmd: compileSnippet
  api=0 type=1 insize=3315 outsize=328 kw= ok=1
Cmd: compileSnippet
  api=0 type=0 insize=3313 outsize=375 kw= ok=1
Cmd: compileSnippet
  api=0 type=1 insize=3313 outsize=256 kw= ok=1
Cmd: compileSnippet
  api=0 type=0 insize=3329 outsize=609 kw= ok=1
Cmd: compileSnippet
  api=0 type=1 insize=3329 outsize=426 kw= ok=1
Cmd: compileSnippet
  api=0 type=0 insize=3321 outsize=375 kw= ok=1
Cmd: compileSnippet
  api=0 type=1 insize=3321 outsize=213 kw= ok=1
Cmd: compileSnippet
  api=0 type=0 insize=3321 outsize=375 kw= ok=1
Cmd: compileSnippet
  api=0 type=1 insize=3321 outsize=328 kw= ok=1
Cmd: compileSnippet
  api=0 type=0 insize=3318 outsize=375 kw= ok=1
Cmd: compileSnippet
  api=0 type=1 insize=3318 outsize=256 kw= ok=1
Cmd: compileSnippet
  api=0 type=0 insize=3330 outsize=609 kw= ok=1
Cmd: compileSnippet
  api=0 type=1 insize=3330 outsize=402 kw= ok=1
Cmd: compileSnippet
  api=0 type=0 insize=3323 outsize=375 kw= ok=1
Cmd: compileSnippet
  api=0 type=1 insize=3323 outsize=214 kw= ok=1
Cmd: compileSnippet
  api=0 type=0 insize=3316 outsize=375 kw= ok=1
Cmd: compileSnippet
  api=0 type=1 insize=3316 outsize=127 kw= ok=1
Cmd: compileSnippet
  api=0 type=0 insize=3320 outsize=375 kw= ok=1
Cmd: compileSnippet
  api=0 type=1 insize=3320 outsize=197 kw= ok=1
Cmd: compileSnippet
  api=0 type=0 insize=3315 outsize=375 kw= ok=1
Cmd: compileSnippet
  api=0 type=1 insize=3315 outsize=133 kw= ok=1
Cmd: preprocess
  insize=14380 outsize=2159 ok=1
Cmd: compileSnippet
  api=0 type=0 insize=11592 outsize=1205 kw= ok=1
Cmd: compileSnippet
  api=0 type=1 insize=11592 outsize=6 kw= ok=1
Cmd: compileSnippet
  api=0 type=0 insize=11584 outsize=573 kw= ok=1
Cmd: compileSnippet
  api=0 type=1 insize=11584 outsize=6 kw= ok=1
Cmd: compileSnippet
  api=0 type=0 insize=11592 outsize=1763 kw= ok=1
Cmd: compileSnippet
  api=0 type=1 insize=11592 outsize=6 kw= ok=1
Cmd: compileSnippet
  api=0 type=0 insize=11598 outsize=3640 kw= ok=1
Cmd: compileSnippet
  api=0 type=1 insize=11598 outsize=6 kw= ok=1
Cmd: compileSnippet
  api=0 type=0 insize=11608 outsize=3130 kw= ok=1
Cmd: compileSnippet
  api=0 type=1 insize=11608 outsize=6 kw= ok=1
Cmd: compileSnippet
  api=0 type=0 insize=11594 outsize=714 kw= ok=1
Cmd: compileSnippet
  api=0 type=1 insize=11594 outsize=6 kw= ok=1
Cmd: compileSnippet
  api=0 type=0 insize=11593 outsize=1737 kw= ok=1
Cmd: compileSnippet
  api=0 type=1 insize=11593 outsize=6 kw= ok=1
Cmd: compileSnippet
  api=0 type=0 insize=11599 outsize=3902 kw= ok=1
Cmd: compileSnippet
  api=0 type=1 insize=11599 outsize=6 kw= ok=1
Cmd: preprocess
  insize=1097 outsize=378 ok=1
Cmd: compileSnippet
  api=0 type=0 insize=1024 outsize=328 kw= ok=1
Cmd: compileSnippet
  api=0 type=1 insize=1024 outsize=426 kw= ok=1
Cmd: preprocess
  insize=6532 outsize=797 ok=1
Cmd: preprocess
  insize=2965 outsize=825 ok=1
Cmd: compileSnippet
  api=0 type=0 insize=2175 outsize=375 kw= ok=1
Cmd: compileSnippet
  api=0 type=1 insize=2175 outsize=256 kw= ok=1
Cmd: compileSnippet
  api=0 type=0 insize=2176 outsize=375 kw= ok=1
Cmd: compileSnippet
  api=0 type=1 insize=2176 outsize=328 kw= ok=1
Cmd: compileSnippet
  api=0 type=0 insize=2179 outsize=375 kw= ok=1
Cmd: compileSnippet
  api=0 type=1 insize=2179 outsize=268 kw= ok=1
Cmd: compileSnippet
  api=0 type=0 insize=2178 outsize=375 kw= ok=1
Cmd: compileSnippet
  api=0 type=1 insize=2178 outsize=603 kw= ok=1
Cmd: compileSnippet
  api=0 type=0 insize=2181 outsize=375 kw= ok=1
Cmd: compileSnippet
  api=0 type=1 insize=2181 outsize=245 kw= ok=1
Cmd: preprocess
  insize=11868 outsize=2702 ok=1
Cmd: compileSnippet
  api=0 type=0 insize=8919 outsize=3208 kw= ok=1
Cmd: compileSnippet
  api=0 type=1 insize=8919 outsize=6 kw= ok=1
Cmd: compileSnippet
  api=0 type=0 insize=8924 outsize=2008 kw= ok=1
Cmd: compileSnippet
  api=0 type=1 insize=8924 outsize=6 kw= ok=1
Cmd: compileSnippet
  api=0 type=0 insize=8923 outsize=523 kw= ok=1
Cmd: compileSnippet
  api=0 type=1 insize=8923 outsize=6 kw= ok=1
Cmd: compileSnippet
  api=0 type=0 insize=8928 outsize=1040 kw= ok=1
Cmd: compileSnippet
  api=0 type=1 insize=8928 outsize=6 kw= ok=1
Cmd: compileSnippet
  api=0 type=0 insize=8927 outsize=1172 kw= ok=1
Cmd: compileSnippet
  api=0 type=1 insize=8927 outsize=6 kw= ok=1
Cmd: preprocess
  insize=1034 outsize=465 ok=1
Cmd: compileSnippet
  api=0 type=0 insize=871 outsize=428 kw= ok=1
Cmd: compileSnippet
  api=0 type=1 insize=871 outsize=224 kw= ok=1
Cmd: preprocess
  insize=14335 outsize=2775 ok=1
Cmd: compileSnippet
  api=0 type=0 insize=10543 outsize=328 kw= ok=1
Cmd: compileSnippet
  api=0 type=1 insize=10543 outsize=236 kw= ok=1
Cmd: compileSnippet
  api=0 type=0 insize=10543 outsize=328 kw= ok=1
Cmd: compileSnippet
  api=0 type=1 insize=10543 outsize=540 kw= ok=1
Cmd: compileSnippet
  api=0 type=0 insize=10543 outsize=328 kw= ok=1
Cmd: compileSnippet
  api=0 type=1 insize=10543 outsize=567 kw= ok=1
Cmd: compileSnippet
  api=0 type=0 insize=10526 outsize=328 kw= ok=1
Cmd: compileSnippet
  api=0 type=1 insize=10526 outsize=333 kw= ok=1
Cmd: compileSnippet
  api=0 type=0 insize=10545 outsize=328 kw= ok=1
Cmd: compileSnippet
  api=0 type=1 insize=10545 outsize=358 kw= ok=1
Cmd: compileSnippet
  api=0 type=0 insize=10526 outsize=328 kw= ok=1
Cmd: compileSnippet
  api=0 type=1 insize=10526 outsize=396 kw= ok=1
Cmd: compileSnippet
  api=0 type=0 insize=10571 outsize=478 kw= ok=1
Cmd: compileSnippet
  api=0 type=1 insize=10571 outsize=707 kw= ok=1
Cmd: compileSnippet
  api=0 type=0 insize=10525 outsize=328 kw= ok=1
Cmd: compileSnippet
  api=0 type=1 insize=10525 outsize=127 kw= ok=1
Cmd: compileSnippet
  api=0 type=0 insize=10529 outsize=328 kw= ok=1
Cmd: compileSnippet
  api=0 type=1 insize=10529 outsize=133 kw= ok=1
Cmd: compileSnippet
  api=0 type=0 insize=10551 outsize=1085 kw= ok=1
Cmd: compileSnippet
  api=0 type=1 insize=10551 outsize=1198 kw= ok=1
Cmd: compileSnippet
  api=0 type=0 insize=10545 outsize=1085 kw= ok=1
Cmd: compileSnippet
  api=0 type=1 insize=10545 outsize=1251 kw= ok=1
Cmd: compileSnippet
  api=0 type=0 insize=10551 outsize=1085 kw= ok=1
Cmd: compileSnippet
  api=0 type=1 insize=10551 outsize=1198 kw= ok=1
Cmd: preprocess
  insize=2048 outsize=516 ok=1
Cmd: compileSnippet
  api=0 type=0 insize=1803 outsize=328 kw= ok=1
Cmd: compileSnippet
  api=0 type=1 insize=1803 outsize=603 kw= ok=1
Cmd: compileSnippet
  api=0 type=0 insize=1816 outsize=328 kw= ok=1
Cmd: compileSnippet
  api=0 type=1 insize=1816 outsize=643 kw= ok=1
Cmd: preprocess
  insize=1764 outsize=320 ok=1
Cmd: compileSnippet
  api=0 type=0 insize=1749 outsize=695 kw= ok=1
Cmd: compileSnippet
  api=0 type=1 insize=1749 outsize=994 kw= ok=1
Cmd: preprocess
  insize=708 outsize=708 ok=1
Cmd: preprocess
  insize=743 outsize=743 ok=1
Cmd: preprocess
  insize=28296 outsize=4971 ok=1
Cmd: compileSnippet
  api=0 type=0 insize=19826 outsize=823 kw= ok=1
Cmd: compileSnippet
  api=0 type=1 insize=19826 outsize=6 kw= ok=1
Cmd: compileSnippet
  api=0 type=0 insize=19833 outsize=3032 kw= ok=1
Cmd: compileSnippet
  api=0 type=1 insize=19833 outsize=6 kw= ok=1
Cmd: compileSnippet
  api=0 type=0 insize=19837 outsize=4208 kw= ok=1
Cmd: compileSnippet
  api=0 type=1 insize=19837 outsize=6 kw= ok=1
Cmd: compileSnippet
  api=0 type=0 insize=19816 outsize=426 kw= ok=1
Cmd: compileSnippet
  api=0 type=1 insize=19816 outsize=6 kw= ok=1
Cmd: compileSnippet
  api=0 type=0 insize=19832 outsize=818 kw= ok=1
Cmd: compileSnippet
  api=0 type=1 insize=19832 outsize=6 kw= ok=1
Cmd: compileSnippet
  api=0 type=0 insize=19819 outsize=1652 kw= ok=1
Cmd: compileSnippet
  api=0 type=1 insize=19819 outsize=6 kw= ok=1
Cmd: compileSnippet
  api=0 type=0 insize=19830 outsize=1490 kw= ok=1
Cmd: compileSnippet
  api=0 type=1 insize=19830 outsize=6 kw= ok=1
Cmd: compileSnippet
  api=0 type=0 insize=19826 outsize=575 kw= ok=1
Cmd: compileSnippet
  api=0 type=1 insize=19826 outsize=6 kw= ok=1
Cmd: compileSnippet
  api=0 type=0 insize=19836 outsize=841 kw= ok=1
Cmd: compileSnippet
  api=0 type=1 insize=19836 outsize=6 kw= ok=1
Cmd: compileSnippet
  api=0 type=0 insize=19829 outsize=731 kw= ok=1
Cmd: compileSnippet
  api=0 type=1 insize=19829 outsize=6 kw= ok=1
Cmd: compileSnippet
  api=0 type=0 insize=19836 outsize=909 kw= ok=1
Cmd: compileSnippet
  api=0 type=1 insize=19836 outsize=6 kw= ok=1
Cmd: compileSnippet
  api=0 type=0 insize=19824 outsize=3014 kw= ok=1
Cmd: compileSnippet
  api=0 type=1 insize=19824 outsize=6 kw= ok=1
Cmd: compileSnippet
  api=0 type=0 insize=19833 outsize=2622 kw= ok=1
Cmd: compileSnippet
  api=0 type=1 insize=19833 outsize=6 kw= ok=1
Cmd: compileSnippet
  api=0 type=0 insize=19820 outsize=941 kw= ok=1
Cmd: compileSnippet
  api=0 type=1 insize=19820 outsize=6 kw= ok=1
Cmd: compileSnippet
  api=0 type=0 insize=19835 outsize=597 kw= ok=1
Cmd: compileSnippet
  api=0 type=1 insize=19835 outsize=6 kw= ok=1
Cmd: compileSnippet
  api=0 type=0 insize=19825 outsize=753 kw= ok=1
Cmd: compileSnippet
  api=0 type=1 insize=19825 outsize=6 kw= ok=1
Cmd: compileSnippet
  api=0 type=0 insize=19818 outsize=677 kw= ok=1
Cmd: compileSnippet
  api=0 type=1 insize=19818 outsize=6 kw= ok=1
Cmd: compileSnippet
  api=0 type=0 insize=19826 outsize=3521 kw= ok=1
Cmd: compileSnippet
  api=0 type=1 insize=19826 outsize=6 kw= ok=1
Cmd: compileSnippet
  api=0 type=0 insize=19834 outsize=3402 kw= ok=1
Cmd: compileSnippet
  api=0 type=1 insize=19834 outsize=6 kw= ok=1
Cmd: compileSnippet
  api=0 type=0 insize=19844 outsize=3429 kw= ok=1
Cmd: compileSnippet
  api=0 type=1 insize=19844 outsize=6 kw= ok=1
Cmd: compileSnippet
  api=0 type=0 insize=19822 outsize=549 kw= ok=1
Cmd: compileSnippet
  api=0 type=1 insize=19822 outsize=6 kw= ok=1
Cmd: compileSnippet
  api=0 type=0 insize=19824 outsize=1652 kw= ok=1
Cmd: compileSnippet
  api=0 type=1 insize=19824 outsize=6 kw= ok=1
Cmd: compileSnippet
  api=0 type=0 insize=19841 outsize=426 kw= ok=1
Cmd: compileSnippet
  api=0 type=1 insize=19841 outsize=6 kw= ok=1
Cmd: preprocess
  insize=4266 outsize=584 ok=1
Cmd: compileSnippet
  api=0 type=0 insize=3869 outsize=561 kw= ok=1
Cmd: compileSnippet
  api=0 type=1 insize=3869 outsize=1080 kw= ok=1
Cmd: compileSnippet
  api=0 type=0 insize=3882 outsize=561 kw= ok=1
Cmd: compileSnippet
  api=0 type=1 insize=3882 outsize=545 kw= ok=1
Cmd: compileSnippet
  api=0 type=0 insize=3873 outsize=561 kw= ok=1
Cmd: compileSnippet
  api=0 type=1 insize=3873 outsize=781 kw= ok=1
Cmd: preprocess
  insize=2379 outsize=1258 ok=1
Cmd: compileSnippet
  api=0 type=0 insize=1362 outsize=766 kw= ok=1
Cmd: compileSnippet
  api=0 type=1 insize=1362 outsize=518 kw= ok=1
Cmd: compileSnippet
  api=0 type=0 insize=1046 outsize=766 kw= ok=1
Cmd: preprocess
  insize=1823 outsize=317 ok=1
Cmd: compileSnippet
  api=0 type=0 insize=1808 outsize=671 kw= ok=1
Cmd: compileSnippet
  api=0 type=1 insize=1808 outsize=1369 kw= ok=1
Cmd: preprocess
  insize=1088 outsize=373 ok=1
Cmd: compileSnippet
  api=0 type=0 insize=1017 outsize=328 kw= ok=1
Cmd: compileSnippet
  api=0 type=1 insize=1017 outsize=471 kw= ok=1
Cmd: preprocess
  insize=1199 outsize=486 ok=1
Cmd: compileSnippet
  api=0 type=0 insize=983 outsize=332 kw= ok=1
Cmd: compileSnippet
  api=0 type=1 insize=983 outsize=253 kw= ok=1
Cmd: compileSnippet
  api=0 type=0 insize=989 outsize=332 kw= ok=1
Cmd: compileSnippet
  api=0 type=1 insize=989 outsize=370 kw= ok=1
Cmd: preprocess
  insize=777 outsize=284 ok=1
Cmd: compileSnippet
  api=0 type=0 insize=793 outsize=428 kw= ok=1
Cmd: compileSnippet
  api=0 type=1 insize=793 outsize=312 kw= ok=1
Cmd: preprocess
  insize=6084 outsize=913 ok=1
Cmd: compileSnippet
  api=0 type=0 insize=5109 outsize=618 kw= ok=1
Cmd: compileSnippet
  api=0 type=1 insize=5109 outsize=805 kw= ok=1
Cmd: compileSnippet
  api=0 type=0 insize=5112 outsize=618 kw= ok=1
Cmd: compileSnippet
  api=0 type=1 insize=5112 outsize=591 kw= ok=1
Cmd: compileSnippet
  api=0 type=0 insize=5116 outsize=618 kw= ok=1
Cmd: compileSnippet
  api=0 type=1 insize=5116 outsize=633 kw= ok=1
Cmd: compileSnippet
  api=0 type=0 insize=5125 outsize=328 kw= ok=1
Cmd: compileSnippet
  api=0 type=1 insize=5125 outsize=304 kw= ok=1
Cmd: compileSnippet
  api=0 type=0 insize=5106 outsize=618 kw= ok=1
Cmd: compileSnippet
  api=0 type=1 insize=5106 outsize=805 kw= ok=1
Cmd: preprocess
  insize=5846 outsize=800 ok=1
Cmd: compileSnippet
  api=0 type=0 insize=4812 outsize=328 kw= ok=1
Cmd: compileSnippet
  api=0 type=1 insize=4812 outsize=296 kw= ok=1
Cmd: compileSnippet
  api=0 type=0 insize=4817 outsize=753 kw= ok=1
Cmd: compileSnippet
  api=0 type=1 insize=4817 outsize=569 kw= ok=1
Cmd: compileSnippet
  api=0 type=0 insize=4827 outsize=757 kw= ok=1
Cmd: compileSnippet
  api=0 type=1 insize=4827 outsize=852 kw= ok=1
Cmd: compileSnippet
  api=0 type=0 insize=4822 outsize=757 kw= ok=1
Cmd: compileSnippet
  api=0 type=1 insize=4822 outsize=714 kw= ok=1
Cmd: compileSnippet
  api=0 type=0 insize=4828 outsize=691 kw= ok=1
Cmd: compileSnippet
  api=0 type=1 insize=4828 outsize=994 kw= ok=1
Cmd: preprocess
  insize=622 outsize=382 ok=1
Cmd: compileSnippet
  api=0 type=0 insize=542 outsize=428 kw= ok=1
Cmd: compileSnippet
  api=0 type=1 insize=542 outsize=332 kw= ok=1
Cmd: preprocess
  insize=7587 outsize=975 ok=1
Cmd: compileSnippet
  api=0 type=0 insize=5898 outsize=452 kw= ok=1
Cmd: compileSnippet
  api=0 type=1 insize=5898 outsize=6 kw= ok=1
Cmd: compileSnippet
  api=0 type=0 insize=5898 outsize=501 kw= ok=1
Cmd: compileSnippet
  api=0 type=1 insize=5898 outsize=6 kw= ok=1
Cmd: compileSnippet
  api=0 type=0 insize=5892 outsize=2686 kw= ok=1
Cmd: compileSnippet
  api=0 type=1 insize=5892 outsize=6 kw= ok=1
Cmd: compileSnippet
  api=0 type=0 insize=5891 outsize=2735 kw= ok=1
Cmd: compileSnippet
  api=0 type=1 insize=5891 outsize=6 kw= ok=1
Cmd: compileSnippet
  api=0 type=0 insize=5894 outsize=2810 kw= ok=1
Cmd: compileSnippet
  api=0 type=1 insize=5894 outsize=6 kw= ok=1
Cmd: compileSnippet
  api=0 type=0 insize=5894 outsize=2850 kw= ok=1
Cmd: compileSnippet
  api=0 type=1 insize=5894 outsize=6 kw= ok=1
Cmd: compileSnippet
  api=0 type=0 insize=5896 outsize=601 kw= ok=1
Cmd: compileSnippet
  api=0 type=1 insize=5896 outsize=6 kw= ok=1
Cmd: preprocess
  insize=33474 outsize=288 ok=1
Cmd: compileSnippet
  api=0 type=0 insize=33488 outsize=8819 kw= ok=1
Cmd: compileSnippet
  api=0 type=1 insize=33488 outsize=6 kw= ok=1
Cmd: preprocess
  insize=5321 outsize=1789 ok=1
Cmd: compileSnippet
  api=0 type=0 insize=3836 outsize=3861 kw= ok=1
Cmd: compileSnippet
  api=0 type=1 insize=3836 outsize=6 kw= ok=1
Cmd: preprocess
  insize=6991 outsize=271 ok=1
Cmd: compileSnippet
  api=0 type=0 insize=7022 outsize=3133 kw= ok=1
Cmd: compileSnippet
  api=0 type=1 insize=7022 outsize=6 kw= ok=1
Cmd: preprocess
  insize=4684 outsize=585 ok=1
Cmd: compileSnippet
  api=0 type=0 insize=4297 outsize=3355 kw= ok=1
Cmd: compileSnippet
  api=0 type=1 insize=4297 outsize=6 kw= ok=1
Cmd: compileSnippet
  api=0 type=0 insize=4302 outsize=2952 kw= ok=1
Cmd: compileSnippet
  api=0 type=1 insize=4302 outsize=6 kw= ok=1
Cmd: preprocess
  insize=5159 outsize=1148 ok=1
Cmd: compileSnippet
  api=0 type=0 insize=3972 outsize=328 kw= ok=1
Cmd: compileSnippet
  api=0 type=1 insize=3972 outsize=330 kw= ok=1
Cmd: compileSnippet
  api=0 type=0 insize=3980 outsize=435 kw= ok=1
Cmd: compileSnippet
  api=0 type=1 insize=3980 outsize=719 kw= ok=1
Cmd: compileSnippet
  api=0 type=0 insize=3978 outsize=328 kw= ok=1
Cmd: compileSnippet
  api=0 type=1 insize=3978 outsize=638 kw= ok=1
Cmd: compileSnippet
  api=0 type=0 insize=3980 outsize=328 kw= ok=1
Cmd: compileSnippet
  api=0 type=1 insize=3980 outsize=678 kw= ok=1
Cmd: compileSnippet
  api=0 type=0 insize=3970 outsize=328 kw= ok=1
Cmd: compileSnippet
  api=0 type=1 insize=3970 outsize=270 kw= ok=1
Cmd: preprocess
  insize=6008 outsize=1334 ok=1
Cmd: preprocess
  insize=833 outsize=323 ok=1
Cmd: compileSnippet
  api=0 type=0 insize=812 outsize=328 kw= ok=1
Cmd: compileSnippet
  api=0 type=1 insize=812 outsize=158 kw= ok=1
Cmd: preprocess
  insize=758 outsize=335 ok=1
Cmd: compileSnippet
  api=0 type=0 insize=725 outsize=428 kw= ok=1
Cmd: compileSnippet
  api=0 type=1 insize=725 outsize=338 kw= ok=1
Cmd: preprocess
  insize=4076 outsize=685 ok=1
Cmd: compileSnippet
  api=0 type=0 insize=3417 outsize=328 kw= ok=1
Cmd: compileSnippet
  api=0 type=1 insize=3417 outsize=368 kw= ok=1
Cmd: compileSnippet
  api=0 type=0 insize=3425 outsize=753 kw= ok=1
Cmd: compileSnippet
  api=0 type=1 insize=3425 outsize=569 kw= ok=1
Cmd: compileSnippet
  api=0 type=0 insize=3434 outsize=741 kw= ok=1
Cmd: compileSnippet
  api=0 type=1 insize=3434 outsize=729 kw= ok=1
Cmd: compileSnippet
  api=0 type=0 insize=3429 outsize=741 kw= ok=1
Cmd: compileSnippet
  api=0 type=1 insize=3429 outsize=714 kw= ok=1
Cmd: preprocess
  insize=926 outsize=319 ok=1
Cmd: compileSnippet
  api=0 type=0 insize=912 outsize=328 kw= ok=1
Cmd: compileSnippet
  api=0 type=1 insize=912 outsize=338 kw= ok=1
Cmd: preprocess
  insize=1406 outsize=316 ok=1
Cmd: compileSnippet
  api=0 type=0 insize=1395 outsize=618 kw= ok=1
Cmd: compileSnippet
  api=0 type=1 insize=1395 outsize=787 kw= ok=1
Cmd: preprocess
  insize=2266 outsize=1040 ok=1
Cmd: compileSnippet
  api=0 type=0 insize=939 outsize=365 kw= ok=1
Cmd: compileSnippet
  api=0 type=1 insize=939 outsize=200 kw= ok=1
Cmd: compileSnippet
  api=0 type=0 insize=893 outsize=365 kw= ok=1
Cmd: compileSnippet
  api=0 type=1 insize=893 outsize=133 kw= ok=1
Cmd: preprocess
  insize=5540 outsize=817 ok=1
Cmd: preprocess
  insize=1136 outsize=512 ok=1
Cmd: compileSnippet
  api=0 type=0 insize=925 outsize=468 kw= ok=1
Cmd: compileSnippet
  api=0 type=1 insize=925 outsize=269 kw= ok=1
Cmd: preprocess
  insize=1285 outsize=411 ok=1
Cmd: compileSnippet
  api=0 type=0 insize=1179 outsize=435 kw= ok=1
Cmd: compileSnippet
  api=0 type=1 insize=1179 outsize=719 kw= ok=1
Cmd: preprocess
  insize=616 outsize=277 ok=1
Cmd: compileSnippet
  api=0 type=0 insize=641 outsize=281 kw= ok=1
Cmd: compileSnippet
  api=0 type=1 insize=641 outsize=127 kw= ok=1
Cmd: preprocess
  insize=773 outsize=337 ok=1
Cmd: compileSnippet
  api=0 type=0 insize=741 outsize=328 kw= ok=1
Cmd: compileSnippet
  api=0 type=1 insize=741 outsize=197 kw= ok=1
Cmd: preprocess
  insize=5521 outsize=943 ok=1
Cmd: compileSnippet
  api=0 type=0 insize=4590 outsize=555 kw= ok=1
Cmd: compileSnippet
  api=0 type=1 insize=4590 outsize=402 kw= ok=1
Cmd: compileSnippet
  api=0 type=0 insize=4595 outsize=468 kw= ok=1
Cmd: compileSnippet
  api=0 type=1 insize=4595 outsize=942 kw= ok=1
Cmd: compileSnippet
  api=0 type=0 insize=4596 outsize=463 kw= ok=1
Cmd: compileSnippet
  api=0 type=1 insize=4596 outsize=942 kw= ok=1
Cmd: compileSnippet
  api=0 type=0 insize=4600 outsize=708 kw= ok=1
Cmd: compileSnippet
  api=0 type=1 insize=4600 outsize=726 kw= ok=1
Cmd: compileSnippet
  api=0 type=0 insize=4601 outsize=708 kw= ok=1
Cmd: compileSnippet
  api=0 type=1 insize=4601 outsize=726 kw= ok=1
Cmd: preprocess
  insize=1801 outsize=713 ok=1
Cmd: compileSnippet
  api=0 type=0 insize=1390 outsize=762 kw= ok=1
Cmd: compileSnippet
  api=0 type=1 insize=1390 outsize=442 kw= ok=1
